<?xml version="1.0" encoding="UTF-8" ?>
<testsuite failures="0" time="23.581" errors="0" skipped="0" tests="2" name="org.apache.hadoop.chukwa.datacollection.adaptor.TestDirTailingAdaptor">
  <properties>
[...]
</properties>
  <testcase time="12.777" classname="org.apache.hadoop.chukwa.datacollection.adaptor.TestDirTailingAdaptor" name="testDirTailerFiltering"/>
  <testcase time="10.771" classname="org.apache.hadoop.chukwa.datacollection.adaptor.TestDirTailingAdaptor" name="testDirTailer"/>
</testsuite>