<?xml version="1.0" encoding="UTF-8" ?>
<testsuite failures="1" time="13.199" errors="0" skipped="0" tests="3" name="org.apache.hadoop.chukwa.datacollection.TestOffsetStatsManager">
  <properties>
[...]
</properties>
  <testcase time="5.13" classname="org.apache.hadoop.chukwa.datacollection.TestOffsetStatsManager" name="testCalcAverageRate">
    <failure message="Invalid average, expected about 1 byte/sec, found 995.5201592832254" type="junit.framework.AssertionFailedError">junit.framework.AssertionFailedError: Invalid average, expected about 1 byte/sec, found 995.5201592832254
	at junit.framework.Assert.fail(Assert.java:50)
	at junit.framework.Assert.assertTrue(Assert.java:20)
	at org.apache.hadoop.chukwa.datacollection.TestOffsetStatsManager.testCalcAverageRate(TestOffsetStatsManager.java:46)
	at sun.reflect.NativeMethodAccessorImpl.invoke0(Native Method)
	at sun.reflect.NativeMethodAccessorImpl.invoke(NativeMethodAccessorImpl.java:57)
	at sun.reflect.DelegatingMethodAccessorImpl.invoke(DelegatingMethodAccessorImpl.java:43)
	at java.lang.reflect.Method.invoke(Method.java:601)
	at junit.framework.TestCase.runTest(TestCase.java:168)
	at junit.framework.TestCase.runBare(TestCase.java:134)
	at junit.framework.TestResult$1.protect(TestResult.java:110)
	at junit.framework.TestResult.runProtected(TestResult.java:128)
	at junit.framework.TestResult.run(TestResult.java:113)
	at junit.framework.TestCase.run(TestCase.java:124)
	at junit.framework.TestSuite.runTest(TestSuite.java:243)
	at junit.framework.TestSuite.run(TestSuite.java:238)
	at org.junit.internal.runners.JUnit38ClassRunner.run(JUnit38ClassRunner.java:83)
	at org.apache.maven.surefire.junit4.JUnit4TestSet.execute(JUnit4TestSet.java:53)
	at org.apache.maven.surefire.junit4.JUnit4Provider.executeTestSet(JUnit4Provider.java:123)
	at org.apache.maven.surefire.junit4.JUnit4Provider.invoke(JUnit4Provider.java:104)
	at sun.reflect.NativeMethodAccessorImpl.invoke0(Native Method)
	at sun.reflect.NativeMethodAccessorImpl.invoke(NativeMethodAccessorImpl.java:57)
	at sun.reflect.DelegatingMethodAccessorImpl.invoke(DelegatingMethodAccessorImpl.java:43)
	at java.lang.reflect.Method.invoke(Method.java:601)
	at org.apache.maven.surefire.util.ReflectionUtils.invokeMethodWithArray(ReflectionUtils.java:164)
	at org.apache.maven.surefire.booter.ProviderFactory$ProviderProxy.invoke(ProviderFactory.java:110)
	at org.apache.maven.surefire.booter.SurefireStarter.invokeProvider(SurefireStarter.java:175)
	at org.apache.maven.surefire.booter.SurefireStarter.runSuitesInProcessWhenForked(SurefireStarter.java:81)
	at org.apache.maven.surefire.booter.ForkedBooter.main(ForkedBooter.java:68)
</failure>
  </testcase>
  <testcase time="5.021" classname="org.apache.hadoop.chukwa.datacollection.TestOffsetStatsManager" name="testCalcAverageRateStaleData"/>
  <testcase time="3.012" classname="org.apache.hadoop.chukwa.datacollection.TestOffsetStatsManager" name="testCalcAverageRateNotEnoughData"/>
</testsuite>